[debug] [2024-09-09T20:35:41.539Z] ----------------------------------------------------------------------
[debug] [2024-09-09T20:35:41.547Z] Command:       /usr/local/bin/node /usr/local/bin/firebase init
[debug] [2024-09-09T20:35:41.547Z] CLI Version:   13.7.5
[debug] [2024-09-09T20:35:41.547Z] Platform:      darwin
[debug] [2024-09-09T20:35:41.547Z] Node Version:  v20.10.0
[debug] [2024-09-09T20:35:41.547Z] Time:          Tue Sep 10 2024 02:35:41 GMT+0600 (East Kazakhstan Time)
[debug] [2024-09-09T20:35:41.547Z] ----------------------------------------------------------------------
[debug] 
[debug] [2024-09-09T20:35:41.551Z] > command requires scopes: ["email","openid","https://www.googleapis.com/auth/cloudplatformprojects.readonly","https://www.googleapis.com/auth/firebase","https://www.googleapis.com/auth/cloud-platform"]
[debug] [2024-09-09T20:35:41.551Z] > authorizing via signed-in user (barakadik2@gmail.com)
[info] 
     ######## #### ########  ######## ########     ###     ######  ########
     ##        ##  ##     ## ##       ##     ##  ##   ##  ##       ##
     ######    ##  ########  ######   ########  #########  ######  ######
     ##        ##  ##    ##  ##       ##     ## ##     ##       ## ##
     ##       #### ##     ## ######## ########  ##     ##  ######  ########

You're about to initialize a Firebase project in this directory:

  /Users/zilus04/Documents/pet-project/UniSpace

[info] 
=== Project Setup
[info] 
[info] First, let's associate this project directory with a Firebase project.
[info] You can create multiple project aliases by running firebase use --add, 
[info] but for now we'll just set up a default project.
[info] 
[debug] [2024-09-09T20:36:02.956Z] > refreshing access token with scopes: []
[debug] [2024-09-09T20:36:02.959Z] >>> [apiv2][query] POST https://www.googleapis.com/oauth2/v3/token [none]
[debug] [2024-09-09T20:36:02.959Z] >>> [apiv2][body] POST https://www.googleapis.com/oauth2/v3/token [omitted]
[debug] [2024-09-09T20:36:03.327Z] <<< [apiv2][status] POST https://www.googleapis.com/oauth2/v3/token 200
[debug] [2024-09-09T20:36:03.327Z] <<< [apiv2][body] POST https://www.googleapis.com/oauth2/v3/token [omitted]
[debug] [2024-09-09T20:36:03.352Z] >>> [apiv2][query] GET https://firebase.googleapis.com/v1beta1/projects pageSize=100
[debug] [2024-09-09T20:36:04.054Z] <<< [apiv2][status] GET https://firebase.googleapis.com/v1beta1/projects 200
[debug] [2024-09-09T20:36:04.054Z] <<< [apiv2][body] GET https://firebase.googleapis.com/v1beta1/projects [omitted]
[info] i  Using project unispace-docs (unispace-docs) 
[info] 
=== Database Setup
[info] i  database: ensuring required API firebasedatabase.googleapis.com is enabled... 
[debug] [2024-09-09T20:36:09.444Z] >>> [apiv2][query] GET https://serviceusage.googleapis.com/v1/projects/unispace-docs/services/firebasedatabase.googleapis.com [none]
[debug] [2024-09-09T20:36:09.444Z] >>> [apiv2][(partial)header] GET https://serviceusage.googleapis.com/v1/projects/unispace-docs/services/firebasedatabase.googleapis.com x-goog-quota-user=projects/unispace-docs
[debug] [2024-09-09T20:36:10.832Z] <<< [apiv2][status] GET https://serviceusage.googleapis.com/v1/projects/unispace-docs/services/firebasedatabase.googleapis.com 200
[debug] [2024-09-09T20:36:10.832Z] <<< [apiv2][body] GET https://serviceusage.googleapis.com/v1/projects/unispace-docs/services/firebasedatabase.googleapis.com [omitted]
[info] ✔  database: required API firebasedatabase.googleapis.com is enabled 
[info] 
[debug] [2024-09-09T20:36:10.833Z] >>> [apiv2][query] GET https://firebasedatabase.googleapis.com/v1beta/projects/unispace-docs/locations/-/instances/unispace-docs-default-rtdb [none]
[debug] [2024-09-09T20:36:11.987Z] <<< [apiv2][status] GET https://firebasedatabase.googleapis.com/v1beta/projects/unispace-docs/locations/-/instances/unispace-docs-default-rtdb 200
[debug] [2024-09-09T20:36:11.987Z] <<< [apiv2][body] GET https://firebasedatabase.googleapis.com/v1beta/projects/unispace-docs/locations/-/instances/unispace-docs-default-rtdb {"name":"projects/181497416064/locations/asia-southeast1/instances/unispace-docs-default-rtdb","project":"projects/181497416064","databaseUrl":"https://unispace-docs-default-rtdb.asia-southeast1.firebasedatabase.app","type":"DEFAULT_DATABASE","state":"ACTIVE"}
[info] 
[info] Firebase Realtime Database Security Rules allow you to define how your data should be
[info] structured and when your data can be read from and written to.
[info] 
[debug] [2024-09-09T20:36:17.612Z] >>> [apiv2][query] GET https://unispace-docs-default-rtdb.asia-southeast1.firebasedatabase.app/.settings/rules.json [none]
[debug] [2024-09-09T20:36:18.609Z] <<< [apiv2][status] GET https://unispace-docs-default-rtdb.asia-southeast1.firebasedatabase.app/.settings/rules.json 200
[debug] [2024-09-09T20:36:18.609Z] <<< [apiv2][body] GET https://unispace-docs-default-rtdb.asia-southeast1.firebasedatabase.app/.settings/rules.json [stream]
[info] ✔  Database Rules for unispace-docs-default-rtdb have been written to database.rules.json. 
[info] Future modifications to database.rules.json will update Realtime Database Security Rules when you run
[info] firebase deploy.
[info] 
=== Firestore Setup
[debug] [2024-09-09T20:36:18.613Z] >>> [apiv2][query] GET https://serviceusage.googleapis.com/v1/projects/unispace-docs/services/firestore.googleapis.com [none]
[debug] [2024-09-09T20:36:18.613Z] >>> [apiv2][(partial)header] GET https://serviceusage.googleapis.com/v1/projects/unispace-docs/services/firestore.googleapis.com x-goog-quota-user=projects/unispace-docs
[debug] [2024-09-09T20:36:19.810Z] <<< [apiv2][status] GET https://serviceusage.googleapis.com/v1/projects/unispace-docs/services/firestore.googleapis.com 200
[debug] [2024-09-09T20:36:19.810Z] <<< [apiv2][body] GET https://serviceusage.googleapis.com/v1/projects/unispace-docs/services/firestore.googleapis.com [omitted]
[debug] [2024-09-09T20:36:19.811Z] >>> [apiv2][query] GET https://firestore.googleapis.com/v1/projects/unispace-docs/databases/(default) [none]
[debug] [2024-09-09T20:36:21.886Z] <<< [apiv2][status] GET https://firestore.googleapis.com/v1/projects/unispace-docs/databases/(default) 200
[debug] [2024-09-09T20:36:21.886Z] <<< [apiv2][body] GET https://firestore.googleapis.com/v1/projects/unispace-docs/databases/(default) {"name":"projects/unispace-docs/databases/(default)","uid":"595ad46e-bedd-45ff-b0ec-aedefa7fcc5e","createTime":"2024-09-09T14:56:36.783021Z","updateTime":"2024-09-09T14:56:36.783021Z","locationId":"asia-northeast3","type":"FIRESTORE_NATIVE","concurrencyMode":"PESSIMISTIC","versionRetentionPeriod":"3600s","earliestVersionTime":"2024-09-09T19:36:21.798289Z","appEngineIntegrationMode":"DISABLED","keyPrefix":"v","pointInTimeRecoveryEnablement":"POINT_IN_TIME_RECOVERY_DISABLED","deleteProtectionState":"DELETE_PROTECTION_DISABLED","etag":"ILaN4K3btogDMK3HtbWPtogD"}
[debug] [2024-09-09T20:36:21.886Z] database_type: FIRESTORE_NATIVE
[debug] [2024-09-09T20:36:21.887Z] > command requires scopes: ["email","openid","https://www.googleapis.com/auth/cloudplatformprojects.readonly","https://www.googleapis.com/auth/firebase","https://www.googleapis.com/auth/cloud-platform"]
[debug] [2024-09-09T20:36:21.888Z] > authorizing via signed-in user (barakadik2@gmail.com)
[debug] [2024-09-09T20:36:21.888Z] [iam] checking project unispace-docs for permissions ["firebase.projects.get"]
[debug] [2024-09-09T20:36:21.888Z] >>> [apiv2][query] POST https://cloudresourcemanager.googleapis.com/v1/projects/unispace-docs:testIamPermissions [none]
[debug] [2024-09-09T20:36:21.888Z] >>> [apiv2][(partial)header] POST https://cloudresourcemanager.googleapis.com/v1/projects/unispace-docs:testIamPermissions x-goog-quota-user=projects/unispace-docs
[debug] [2024-09-09T20:36:21.889Z] >>> [apiv2][body] POST https://cloudresourcemanager.googleapis.com/v1/projects/unispace-docs:testIamPermissions {"permissions":["firebase.projects.get"]}
[debug] [2024-09-09T20:36:22.409Z] <<< [apiv2][status] POST https://cloudresourcemanager.googleapis.com/v1/projects/unispace-docs:testIamPermissions 200
[debug] [2024-09-09T20:36:22.410Z] <<< [apiv2][body] POST https://cloudresourcemanager.googleapis.com/v1/projects/unispace-docs:testIamPermissions {"permissions":["firebase.projects.get"]}
[info] 
[info] Firestore Security Rules allow you to define how and when to allow
[info] requests. You can keep these rules in your project directory
[info] and publish them with firebase deploy.
[info] 
[debug] [2024-09-09T20:36:23.966Z] >>> [apiv2][query] GET https://firebaserules.googleapis.com/v1/projects/unispace-docs/releases pageSize=10&pageToken=
[debug] [2024-09-09T20:36:25.069Z] <<< [apiv2][status] GET https://firebaserules.googleapis.com/v1/projects/unispace-docs/releases 200
[debug] [2024-09-09T20:36:25.069Z] <<< [apiv2][body] GET https://firebaserules.googleapis.com/v1/projects/unispace-docs/releases {"releases":[{"name":"projects/unispace-docs/releases/cloud.firestore","rulesetName":"projects/unispace-docs/rulesets/8f6d200c-d8f7-4fb9-bc60-6e266d46a313","createTime":"2024-09-09T14:56:42.005844Z","updateTime":"2024-09-09T14:56:42.005844Z"}]}
[debug] [2024-09-09T20:36:25.069Z] Found ruleset: projects/unispace-docs/rulesets/8f6d200c-d8f7-4fb9-bc60-6e266d46a313
[debug] [2024-09-09T20:36:25.070Z] >>> [apiv2][query] GET https://firebaserules.googleapis.com/v1/projects/unispace-docs/rulesets/8f6d200c-d8f7-4fb9-bc60-6e266d46a313 [none]
[debug] [2024-09-09T20:36:25.345Z] <<< [apiv2][status] GET https://firebaserules.googleapis.com/v1/projects/unispace-docs/rulesets/8f6d200c-d8f7-4fb9-bc60-6e266d46a313 200
[debug] [2024-09-09T20:36:25.345Z] <<< [apiv2][body] GET https://firebaserules.googleapis.com/v1/projects/unispace-docs/rulesets/8f6d200c-d8f7-4fb9-bc60-6e266d46a313 [omitted]
[info] 
[info] Firestore indexes allow you to perform complex queries while
[info] maintaining performance that scales with the size of the result
[info] set. You can keep index definitions in your project directory
[info] and publish them with firebase deploy.
[info] 
[debug] [2024-09-09T20:36:26.382Z] >>> [apiv2][query] GET https://firestore.googleapis.com/v1/projects/unispace-docs/databases/(default)/collectionGroups/-/indexes [none]
[debug] [2024-09-09T20:36:26.382Z] >>> [apiv2][query] GET https://firestore.googleapis.com/v1/projects/unispace-docs/databases/(default)/collectionGroups/-/fields?filter=indexConfig.usesAncestorConfig=false OR ttlConfig:* [none]
[debug] [2024-09-09T20:36:26.831Z] <<< [apiv2][status] GET https://firestore.googleapis.com/v1/projects/unispace-docs/databases/(default)/collectionGroups/-/indexes 200
[debug] [2024-09-09T20:36:26.831Z] <<< [apiv2][body] GET https://firestore.googleapis.com/v1/projects/unispace-docs/databases/(default)/collectionGroups/-/indexes {}
[debug] [2024-09-09T20:36:28.438Z] <<< [apiv2][status] GET https://firestore.googleapis.com/v1/projects/unispace-docs/databases/(default)/collectionGroups/-/fields?filter=indexConfig.usesAncestorConfig=false OR ttlConfig:* 200
[debug] [2024-09-09T20:36:28.439Z] <<< [apiv2][body] GET https://firestore.googleapis.com/v1/projects/unispace-docs/databases/(default)/collectionGroups/-/fields?filter=indexConfig.usesAncestorConfig=false OR ttlConfig:* {"fields":[{"name":"projects/unispace-docs/databases/(default)/collectionGroups/__default__/fields/*","indexConfig":{"indexes":[{"queryScope":"COLLECTION","fields":[{"fieldPath":"*","order":"ASCENDING"}],"state":"READY"},{"queryScope":"COLLECTION","fields":[{"fieldPath":"*","order":"DESCENDING"}],"state":"READY"},{"queryScope":"COLLECTION","fields":[{"fieldPath":"*","arrayConfig":"CONTAINS"}],"state":"READY"}]}}]}
[info] 
=== Hosting Setup
[debug] [2024-09-09T20:36:28.442Z] >>> [apiv2][query] GET https://firebase.googleapis.com/v1beta1/projects/unispace-docs [none]
[debug] [2024-09-09T20:36:28.896Z] <<< [apiv2][status] GET https://firebase.googleapis.com/v1beta1/projects/unispace-docs 200
[debug] [2024-09-09T20:36:28.897Z] <<< [apiv2][body] GET https://firebase.googleapis.com/v1beta1/projects/unispace-docs {"projectId":"unispace-docs","projectNumber":"181497416064","displayName":"unispace-docs","name":"projects/unispace-docs","resources":{"hostingSite":"unispace-docs","realtimeDatabaseInstance":"unispace-docs-default-rtdb"},"state":"ACTIVE","etag":"1_d75a9122-ae09-4131-9b36-4b5cae083ef0"}
[info] 
[info] Your public directory is the folder (relative to your project directory) that
[info] will contain Hosting assets to be uploaded with firebase deploy. If you
[info] have a build process for your assets, use your build's output directory.
[info] 
